<?xml version="1.0" encoding="UTF-8"?>
<!-- Generated by org.testng.reporters.JUnitReportReporter -->
<testsuite hostname="8c002327aae3" failures="0" tests="20" name="flightreservation.test.FlightReservationTest" time="32.197" errors="0" timestamp="2025-03-14T07:49:01 GMT" skipped="0">
  <testcase classname="flightreservation.test.FlightReservationTest" name="userRegistrationTest" time="2.141"/>
  <testcase classname="flightreservation.test.FlightReservationTest" name="flightsSelectionTest" time="1.903"/>
  <testcase classname="flightreservation.test.FlightReservationTest" name="registrationConfirmationTest" time="0.364"/>
  <testcase classname="flightreservation.test.FlightReservationTest" name="registrationConfirmationTest" time="0.388"/>
  <testcase classname="flightreservation.test.FlightReservationTest" name="userRegistrationTest" time="2.201"/>
  <testcase classname="flightreservation.test.FlightReservationTest" name="registrationConfirmationTest" time="0.916"/>
  <testcase classname="flightreservation.test.FlightReservationTest" name="flightsSearchTest" time="2.296"/>
  <testcase classname="flightreservation.test.FlightReservationTest" name="flightReservationConfirmationTest" time="1.228"/>
  <testcase classname="flightreservation.test.FlightReservationTest" name="flightsSearchTest" time="2.361"/>
  <testcase classname="flightreservation.test.FlightReservationTest" name="flightsSelectionTest" time="2.488"/>
  <testcase classname="flightreservation.test.FlightReservationTest" name="flightsSelectionTest" time="1.908"/>
  <testcase classname="flightreservation.test.FlightReservationTest" name="flightsSelectionTest" time="2.527"/>
  <testcase classname="flightreservation.test.FlightReservationTest" name="flightReservationConfirmationTest" time="0.146"/>
  <testcase classname="flightreservation.test.FlightReservationTest" name="flightsSearchTest" time="2.162"/>
  <testcase classname="flightreservation.test.FlightReservationTest" name="flightReservationConfirmationTest" time="1.259"/>
  <testcase classname="flightreservation.test.FlightReservationTest" name="registrationConfirmationTest" time="1.469"/>
  <testcase classname="flightreservation.test.FlightReservationTest" name="userRegistrationTest" time="2.330"/>
  <testcase classname="flightreservation.test.FlightReservationTest" name="flightReservationConfirmationTest" time="0.141"/>
  <testcase classname="flightreservation.test.FlightReservationTest" name="userRegistrationTest" time="2.188"/>
  <testcase classname="flightreservation.test.FlightReservationTest" name="flightsSearchTest" time="1.781"/>
</testsuite> <!-- flightreservation.test.FlightReservationTest -->
