<?xml version="1.0" encoding="UTF-8"?>
<!-- Generated by org.testng.reporters.JUnitReportReporter -->
<testsuite hostname="8c002327aae3" failures="0" tests="9" name="vendorportal.test.VendorPortalTest" time="25.016" errors="0" timestamp="2025-03-14T07:49:01 GMT" skipped="0">
  <testcase classname="vendorportal.test.VendorPortalTest" name="dashboardTest" time="2.193"/>
  <testcase classname="vendorportal.test.VendorPortalTest" name="loginTest" time="4.965"/>
  <testcase classname="vendorportal.test.VendorPortalTest" name="logoutTest" time="2.030"/>
  <testcase classname="vendorportal.test.VendorPortalTest" name="loginTest" time="3.341"/>
  <testcase classname="vendorportal.test.VendorPortalTest" name="logoutTest" time="1.451"/>
  <testcase classname="vendorportal.test.VendorPortalTest" name="loginTest" time="3.404"/>
  <testcase classname="vendorportal.test.VendorPortalTest" name="logoutTest" time="3.601"/>
  <testcase classname="vendorportal.test.VendorPortalTest" name="dashboardTest" time="3.045"/>
  <testcase classname="vendorportal.test.VendorPortalTest" name="dashboardTest" time="0.986"/>
</testsuite> <!-- vendorportal.test.VendorPortalTest -->
